<?xml version="1.0" encoding="UTF-8"?>
<testsuite name="[ejemplo] Get Tests on reqres.in" tests="1" skipped="0" failures="0" errors="0" timestamp="2022-03-11T15:01:56" hostname="DESKTOP-QTT0D1U" time="1.211">
  <properties/>
  <testcase name="[1:5] Get users list" classname="[ejemplo] Get Tests on reqres.in" time="1.211"/>
  <system-out><![CDATA[10:01:56.455 [Test worker] DEBUG karate.org.apache.http.client.protocol.RequestAddCookies - CookieSpec selected: karate
10:01:56.464 [Test worker] DEBUG karate.org.apache.http.client.protocol.RequestAuthCache - Auth cache not set in the context
10:01:56.466 [Test worker] DEBUG com.intuit.karate - request:
1 > GET https://reqres.in/api/users/2
1 > Host: reqres.in
1 > Connection: Keep-Alive
1 > User-Agent: Apache-HttpClient/4.5.13 (Java/1.8.0_321)
1 > Accept-Encoding: gzip,deflate


10:01:56.468 [Test worker] DEBUG karate.org.apache.http.impl.conn.PoolingHttpClientConnectionManager - Connection request: [route: {s}->https://reqres.in:443][total available: 0; route allocated: 0 of 5; total allocated: 0 of 10]
10:01:56.479 [Test worker] DEBUG karate.org.apache.http.impl.conn.PoolingHttpClientConnectionManager - Connection leased: [id: 0][route: {s}->https://reqres.in:443][total available: 0; route allocated: 1 of 5; total allocated: 1 of 10]
10:01:56.480 [Test worker] DEBUG karate.org.apache.http.impl.execchain.MainClientExec - Opening connection {s}->https://reqres.in:443
10:01:56.610 [Test worker] DEBUG karate.org.apache.http.impl.conn.DefaultHttpClientConnectionOperator - Connecting to reqres.in/172.67.222.36:443
10:01:56.610 [Test worker] DEBUG karate.org.apache.http.conn.ssl.SSLConnectionSocketFactory - Connecting socket to reqres.in/172.67.222.36:443 with timeout 30000
10:01:56.735 [Test worker] DEBUG karate.org.apache.http.conn.ssl.SSLConnectionSocketFactory - Enabled protocols: [TLSv1.2, TLSv1.1, TLSv1]
10:01:56.736 [Test worker] DEBUG karate.org.apache.http.conn.ssl.SSLConnectionSocketFactory - Enabled cipher suites:[TLS_ECDHE_ECDSA_WITH_AES_256_GCM_SHA384, TLS_ECDHE_ECDSA_WITH_AES_128_GCM_SHA256, TLS_ECDHE_RSA_WITH_AES_256_GCM_SHA384, TLS_ECDHE_RSA_WITH_AES_128_GCM_SHA256, TLS_DHE_RSA_WITH_AES_256_GCM_SHA384, TLS_DHE_DSS_WITH_AES_256_GCM_SHA384, TLS_DHE_RSA_WITH_AES_128_GCM_SHA256, TLS_DHE_DSS_WITH_AES_128_GCM_SHA256, TLS_ECDHE_ECDSA_WITH_AES_256_CBC_SHA384, TLS_ECDHE_RSA_WITH_AES_256_CBC_SHA384, TLS_ECDHE_ECDSA_WITH_AES_128_CBC_SHA256, TLS_ECDHE_RSA_WITH_AES_128_CBC_SHA256, TLS_DHE_RSA_WITH_AES_256_CBC_SHA256, TLS_DHE_DSS_WITH_AES_256_CBC_SHA256, TLS_DHE_RSA_WITH_AES_128_CBC_SHA256, TLS_DHE_DSS_WITH_AES_128_CBC_SHA256, TLS_ECDH_ECDSA_WITH_AES_256_GCM_SHA384, TLS_ECDH_RSA_WITH_AES_256_GCM_SHA384, TLS_ECDH_ECDSA_WITH_AES_128_GCM_SHA256, TLS_ECDH_RSA_WITH_AES_128_GCM_SHA256, TLS_ECDH_ECDSA_WITH_AES_256_CBC_SHA384, TLS_ECDH_RSA_WITH_AES_256_CBC_SHA384, TLS_ECDH_ECDSA_WITH_AES_128_CBC_SHA256, TLS_ECDH_RSA_WITH_AES_128_CBC_SHA256, TLS_ECDHE_ECDSA_WITH_AES_256_CBC_SHA, TLS_ECDHE_RSA_WITH_AES_256_CBC_SHA, TLS_ECDHE_ECDSA_WITH_AES_128_CBC_SHA, TLS_ECDHE_RSA_WITH_AES_128_CBC_SHA, TLS_DHE_RSA_WITH_AES_256_CBC_SHA, TLS_DHE_DSS_WITH_AES_256_CBC_SHA, TLS_DHE_RSA_WITH_AES_128_CBC_SHA, TLS_DHE_DSS_WITH_AES_128_CBC_SHA, TLS_ECDH_ECDSA_WITH_AES_256_CBC_SHA, TLS_ECDH_RSA_WITH_AES_256_CBC_SHA, TLS_ECDH_ECDSA_WITH_AES_128_CBC_SHA, TLS_ECDH_RSA_WITH_AES_128_CBC_SHA, TLS_RSA_WITH_AES_256_GCM_SHA384, TLS_RSA_WITH_AES_128_GCM_SHA256, TLS_RSA_WITH_AES_256_CBC_SHA256, TLS_RSA_WITH_AES_128_CBC_SHA256, TLS_RSA_WITH_AES_256_CBC_SHA, TLS_RSA_WITH_AES_128_CBC_SHA, TLS_EMPTY_RENEGOTIATION_INFO_SCSV]
10:01:56.736 [Test worker] DEBUG karate.org.apache.http.conn.ssl.SSLConnectionSocketFactory - Starting handshake
10:01:57.069 [Test worker] DEBUG karate.org.apache.http.conn.ssl.SSLConnectionSocketFactory - Secure session established
10:01:57.070 [Test worker] DEBUG karate.org.apache.http.conn.ssl.SSLConnectionSocketFactory -  negotiated protocol: TLSv1.2
10:01:57.070 [Test worker] DEBUG karate.org.apache.http.conn.ssl.SSLConnectionSocketFactory -  negotiated cipher suite: TLS_ECDHE_ECDSA_WITH_AES_128_GCM_SHA256
10:01:57.070 [Test worker] DEBUG karate.org.apache.http.conn.ssl.SSLConnectionSocketFactory -  peer principal: CN=sni.cloudflaressl.com, O="Cloudflare, Inc.", L=San Francisco, ST=California, C=US
10:01:57.071 [Test worker] DEBUG karate.org.apache.http.conn.ssl.SSLConnectionSocketFactory -  peer alternative names: [*.reqres.in, reqres.in, sni.cloudflaressl.com]
10:01:57.071 [Test worker] DEBUG karate.org.apache.http.conn.ssl.SSLConnectionSocketFactory -  issuer principal: CN=Cloudflare Inc ECC CA-3, O="Cloudflare, Inc.", C=US
10:01:57.074 [Test worker] DEBUG karate.org.apache.http.impl.conn.DefaultHttpClientConnectionOperator - Connection established 192.168.55.54:63010<->172.67.222.36:443
10:01:57.074 [Test worker] DEBUG karate.org.apache.http.impl.conn.DefaultManagedHttpClientConnection - http-outgoing-0: set socket timeout to 30000
10:01:57.074 [Test worker] DEBUG karate.org.apache.http.impl.execchain.MainClientExec - Executing request GET /api/users/2 HTTP/1.1
10:01:57.074 [Test worker] DEBUG karate.org.apache.http.impl.execchain.MainClientExec - Target auth state: UNCHALLENGED
10:01:57.076 [Test worker] DEBUG karate.org.apache.http.impl.execchain.MainClientExec - Proxy auth state: UNCHALLENGED
10:01:57.078 [Test worker] DEBUG karate.org.apache.http.headers - http-outgoing-0 >> GET /api/users/2 HTTP/1.1
10:01:57.078 [Test worker] DEBUG karate.org.apache.http.headers - http-outgoing-0 >> Host: reqres.in
10:01:57.078 [Test worker] DEBUG karate.org.apache.http.headers - http-outgoing-0 >> Connection: Keep-Alive
10:01:57.078 [Test worker] DEBUG karate.org.apache.http.headers - http-outgoing-0 >> User-Agent: Apache-HttpClient/4.5.13 (Java/1.8.0_321)
10:01:57.078 [Test worker] DEBUG karate.org.apache.http.headers - http-outgoing-0 >> Accept-Encoding: gzip,deflate
10:01:57.079 [Test worker] DEBUG karate.org.apache.http.wire - http-outgoing-0 >> "GET /api/users/2 HTTP/1.1[\r][\n]"
10:01:57.080 [Test worker] DEBUG karate.org.apache.http.wire - http-outgoing-0 >> "Host: reqres.in[\r][\n]"
10:01:57.080 [Test worker] DEBUG karate.org.apache.http.wire - http-outgoing-0 >> "Connection: Keep-Alive[\r][\n]"
10:01:57.080 [Test worker] DEBUG karate.org.apache.http.wire - http-outgoing-0 >> "User-Agent: Apache-HttpClient/4.5.13 (Java/1.8.0_321)[\r][\n]"
10:01:57.080 [Test worker] DEBUG karate.org.apache.http.wire - http-outgoing-0 >> "Accept-Encoding: gzip,deflate[\r][\n]"
10:01:57.081 [Test worker] DEBUG karate.org.apache.http.wire - http-outgoing-0 >> "[\r][\n]"
10:01:57.200 [Test worker] DEBUG karate.org.apache.http.wire - http-outgoing-0 << "HTTP/1.1 200 OK[\r][\n]"
10:01:57.201 [Test worker] DEBUG karate.org.apache.http.wire - http-outgoing-0 << "Date: Fri, 11 Mar 2022 15:01:59 GMT[\r][\n]"
10:01:57.201 [Test worker] DEBUG karate.org.apache.http.wire - http-outgoing-0 << "Content-Type: application/json; charset=utf-8[\r][\n]"
10:01:57.201 [Test worker] DEBUG karate.org.apache.http.wire - http-outgoing-0 << "Transfer-Encoding: chunked[\r][\n]"
10:01:57.201 [Test worker] DEBUG karate.org.apache.http.wire - http-outgoing-0 << "Connection: keep-alive[\r][\n]"
10:01:57.201 [Test worker] DEBUG karate.org.apache.http.wire - http-outgoing-0 << "X-Powered-By: Express[\r][\n]"
10:01:57.201 [Test worker] DEBUG karate.org.apache.http.wire - http-outgoing-0 << "Access-Control-Allow-Origin: *[\r][\n]"
10:01:57.201 [Test worker] DEBUG karate.org.apache.http.wire - http-outgoing-0 << "Etag: W/"118-pbdwwFo9SKNhD3Lx5iHJyngpq00"[\r][\n]"
10:01:57.201 [Test worker] DEBUG karate.org.apache.http.wire - http-outgoing-0 << "Via: 1.1 vegur[\r][\n]"
10:01:57.201 [Test worker] DEBUG karate.org.apache.http.wire - http-outgoing-0 << "Cache-Control: max-age=14400[\r][\n]"
10:01:57.201 [Test worker] DEBUG karate.org.apache.http.wire - http-outgoing-0 << "CF-Cache-Status: HIT[\r][\n]"
10:01:57.201 [Test worker] DEBUG karate.org.apache.http.wire - http-outgoing-0 << "Age: 6945[\r][\n]"
10:01:57.201 [Test worker] DEBUG karate.org.apache.http.wire - http-outgoing-0 << "Expect-CT: max-age=604800, report-uri="https://report-uri.cloudflare.com/cdn-cgi/beacon/expect-ct"[\r][\n]"
10:01:57.201 [Test worker] DEBUG karate.org.apache.http.wire - http-outgoing-0 << "Report-To: {"endpoints":[{"url":"https:\/\/a.nel.cloudflare.com\/report\/v3?s=1rWdMUmeZIpDayYaqvRVgvxHA1tqDFhHBXgFbW4x3sBfRmsI8bA7%2FzfY2mkPdinOtcHIFgiOR0s9RuQERSXlNgoDrLFoXyXRODvwR0Kr8tSDZzBkToAQT26AmsM%3D"}],"group":"cf-nel","max_age":604800}[\r][\n]"
10:01:57.202 [Test worker] DEBUG karate.org.apache.http.wire - http-outgoing-0 << "NEL: {"success_fraction":0,"report_to":"cf-nel","max_age":604800}[\r][\n]"
10:01:57.202 [Test worker] DEBUG karate.org.apache.http.wire - http-outgoing-0 << "Vary: Accept-Encoding[\r][\n]"
10:01:57.202 [Test worker] DEBUG karate.org.apache.http.wire - http-outgoing-0 << "Server: cloudflare[\r][\n]"
10:01:57.202 [Test worker] DEBUG karate.org.apache.http.wire - http-outgoing-0 << "CF-RAY: 6ea52b245e858224-IAD[\r][\n]"
10:01:57.202 [Test worker] DEBUG karate.org.apache.http.wire - http-outgoing-0 << "Content-Encoding: gzip[\r][\n]"
10:01:57.202 [Test worker] DEBUG karate.org.apache.http.wire - http-outgoing-0 << "alt-svc: h3=":443"; ma=86400, h3-29=":443"; ma=86400[\r][\n]"
10:01:57.202 [Test worker] DEBUG karate.org.apache.http.wire - http-outgoing-0 << "[\r][\n]"
10:01:57.202 [Test worker] DEBUG karate.org.apache.http.wire - http-outgoing-0 << "d0[\r][\n]"
10:01:57.202 [Test worker] DEBUG karate.org.apache.http.wire - http-outgoing-0 << "[0x1f][0x8b][0x8][0x0][0x0][0x0][0x0][0x0][0x0][0x3]m[0x8e][0xb1]j[0xc3]0[0x14]E]]>&#x7f;<![CDATA[E[0xbd]Y[0x15][0x1b]2j[0xea][0xdc]1[0x14]:[0x96]W[0xfb][0xda]QjK[0xca][0xd3][0xb3][0x13][0x8][0xfe][0xf7][0x92]R[0xda][0xa5][0xeb][0xe5][0x9c][0xc3][0xbd][0xa3][0x17][0x13][0x84];b[0x8f]p[0xf0][0xe0],qB[0xc0]Y[0x12][0xad][0xb9]RV[0xea][0xb3][0xf2][0xa2][0xac]ML[0xf0][0x18][0xa2]V{O2[0x13][0x1]/[0xf][\n]"
10:01:57.202 [Test worker] DEBUG karate.org.apache.http.wire - http-outgoing-0 << "[0x1e][0x93][0xfc]mo[0xdf][0xe]<d[0x15][0x13]E[0xc0][0xc9][0xac][0xd4][0xd0][0xb6][0xbf][0x99]6[0xce]c;H[0xc7][0xda][0x1e][0xf6]q[0x96][0x91][0xcd][0xb9][0x8c][0xd8]<[0xea]RJV{[0x1c]Zt[0xfa][0xd7][0xdd][0xfd]0[0xfb][0x13][0xa5][0x8f]i[0x84][0x87][0xf1]f[0x8]x[0xcd][0xee][0x93],[0xee][0xc8][0xcb][0x91][0xd5][\r]Jz[0xd7][0xe5]d[0x1a]?[0x16][0x8b]9Ug[0xf9]*[0xda]WW[0xa9]+[0xd5]u[0xb9]Zu[0xa2]tR[0x8a][0xb2][0x8b]b[0xec][0x9f][0xb0]m_[0xb][0x8c][0xc5][0xb5][0x18][0x1][0x0][0x0][\r][\n]"
10:01:57.206 [Test worker] DEBUG karate.org.apache.http.headers - http-outgoing-0 << HTTP/1.1 200 OK
10:01:57.206 [Test worker] DEBUG karate.org.apache.http.headers - http-outgoing-0 << Date: Fri, 11 Mar 2022 15:01:59 GMT
10:01:57.206 [Test worker] DEBUG karate.org.apache.http.headers - http-outgoing-0 << Content-Type: application/json; charset=utf-8
10:01:57.206 [Test worker] DEBUG karate.org.apache.http.headers - http-outgoing-0 << Transfer-Encoding: chunked
10:01:57.206 [Test worker] DEBUG karate.org.apache.http.headers - http-outgoing-0 << Connection: keep-alive
10:01:57.206 [Test worker] DEBUG karate.org.apache.http.headers - http-outgoing-0 << X-Powered-By: Express
10:01:57.206 [Test worker] DEBUG karate.org.apache.http.headers - http-outgoing-0 << Access-Control-Allow-Origin: *
10:01:57.207 [Test worker] DEBUG karate.org.apache.http.headers - http-outgoing-0 << Etag: W/"118-pbdwwFo9SKNhD3Lx5iHJyngpq00"
10:01:57.207 [Test worker] DEBUG karate.org.apache.http.headers - http-outgoing-0 << Via: 1.1 vegur
10:01:57.207 [Test worker] DEBUG karate.org.apache.http.headers - http-outgoing-0 << Cache-Control: max-age=14400
10:01:57.207 [Test worker] DEBUG karate.org.apache.http.headers - http-outgoing-0 << CF-Cache-Status: HIT
10:01:57.207 [Test worker] DEBUG karate.org.apache.http.headers - http-outgoing-0 << Age: 6945
10:01:57.207 [Test worker] DEBUG karate.org.apache.http.headers - http-outgoing-0 << Expect-CT: max-age=604800, report-uri="https://report-uri.cloudflare.com/cdn-cgi/beacon/expect-ct"
10:01:57.207 [Test worker] DEBUG karate.org.apache.http.headers - http-outgoing-0 << Report-To: {"endpoints":[{"url":"https:\/\/a.nel.cloudflare.com\/report\/v3?s=1rWdMUmeZIpDayYaqvRVgvxHA1tqDFhHBXgFbW4x3sBfRmsI8bA7%2FzfY2mkPdinOtcHIFgiOR0s9RuQERSXlNgoDrLFoXyXRODvwR0Kr8tSDZzBkToAQT26AmsM%3D"}],"group":"cf-nel","max_age":604800}
10:01:57.207 [Test worker] DEBUG karate.org.apache.http.headers - http-outgoing-0 << NEL: {"success_fraction":0,"report_to":"cf-nel","max_age":604800}
10:01:57.207 [Test worker] DEBUG karate.org.apache.http.headers - http-outgoing-0 << Vary: Accept-Encoding
10:01:57.207 [Test worker] DEBUG karate.org.apache.http.headers - http-outgoing-0 << Server: cloudflare
10:01:57.207 [Test worker] DEBUG karate.org.apache.http.headers - http-outgoing-0 << CF-RAY: 6ea52b245e858224-IAD
10:01:57.207 [Test worker] DEBUG karate.org.apache.http.headers - http-outgoing-0 << Content-Encoding: gzip
10:01:57.208 [Test worker] DEBUG karate.org.apache.http.headers - http-outgoing-0 << alt-svc: h3=":443"; ma=86400, h3-29=":443"; ma=86400
10:01:57.213 [Test worker] DEBUG karate.org.apache.http.impl.execchain.MainClientExec - Connection can be kept alive indefinitely
10:01:57.239 [Test worker] DEBUG com.intuit.karate - response time in milliseconds: 749
1 < 200
1 < Date: Fri, 11 Mar 2022 15:01:59 GMT
1 < Content-Type: application/json; charset=utf-8
1 < Transfer-Encoding: chunked
1 < Connection: keep-alive
1 < X-Powered-By: Express
1 < Access-Control-Allow-Origin: *
1 < Etag: W/"118-pbdwwFo9SKNhD3Lx5iHJyngpq00"
1 < Via: 1.1 vegur
1 < Cache-Control: max-age=14400
1 < CF-Cache-Status: HIT
1 < Age: 6945
1 < Expect-CT: max-age=604800, report-uri="https://report-uri.cloudflare.com/cdn-cgi/beacon/expect-ct"
1 < Report-To: {"endpoints":[{"url":"https:\/\/a.nel.cloudflare.com\/report\/v3?s=1rWdMUmeZIpDayYaqvRVgvxHA1tqDFhHBXgFbW4x3sBfRmsI8bA7%2FzfY2mkPdinOtcHIFgiOR0s9RuQERSXlNgoDrLFoXyXRODvwR0Kr8tSDZzBkToAQT26AmsM%3D"}],"group":"cf-nel","max_age":604800}
1 < NEL: {"success_fraction":0,"report_to":"cf-nel","max_age":604800}
1 < Vary: Accept-Encoding
1 < Server: cloudflare
1 < CF-RAY: 6ea52b245e858224-IAD
1 < alt-svc: h3=":443"; ma=86400, h3-29=":443"; ma=86400
{"data":{"last_name":"Weaver","id":2,"avatar":"https:\/\/reqres.in\/img\/faces\/2-image.jpg","first_name":"Janet","email":"janet.weaver@reqres.in"},"support":{"text":"To keep ReqRes free, contributions towards server costs are appreciated!","url":"https:\/\/reqres.in\/#support-heading"}}
10:01:57.286 [Test worker] INFO com.intuit.karate - [print] {
  "data": {
    "last_name": "Weaver",
    "id": 2,
    "avatar": "https://reqres.in/img/faces/2-image.jpg",
    "first_name": "Janet",
    "email": "janet.weaver@reqres.in"
  },
  "support": {
    "text": "To keep ReqRes free, contributions towards server costs are appreciated!",
    "url": "https://reqres.in/#support-heading"
  }
}
 
]]></system-out>
  <system-err><![CDATA[]]></system-err>
</testsuite>
